<?xml version="1.0" encoding="UTF-8"?>
<!-- Generated by org.testng.reporters.JUnitXMLReporter -->
<testsuite hostname="mushfik" ignored="0" name="Test" tests="4" failures="2" timestamp="2020-01-03T20:31:15 EST" time="0.253" errors="0">
  <testcase name="@AfterTest teardown" time="0.002" classname="ToolsQA.Homepage">
    <failure type="java.lang.NullPointerException">
      <![CDATA[java.lang.NullPointerException
at ToolsQA.Homepage.teardown(Homepage.java:45)
... Removed 24 stack frames]]>
    </failure>
  </testcase> <!-- @AfterTest teardown -->
  <testcase name="clicking" time="0.025" classname="ToolsQA.Homepage">
    <failure type="java.lang.NullPointerException">
      <![CDATA[java.lang.NullPointerException
at pageObjectsa.mainpage.getMain(mainpage.java:16)
at ToolsQA.Homepage.clicking(Homepage.java:31)
at java.util.ArrayList.forEach(ArrayList.java:1257)
... Removed 27 stack frames]]>
    </failure>
  </testcase> <!-- clicking -->
  <testcase name="clickmain" time="0.007" classname="ToolsQA.Homepage">
    <failure type="java.lang.NullPointerException">
      <![CDATA[java.lang.NullPointerException
at resource.base.init(base.java:26)
at ToolsQA.Homepage.clickmain(Homepage.java:21)
at java.util.ArrayList.forEach(ArrayList.java:1257)
... Removed 27 stack frames]]>
    </failure>
  </testcase> <!-- clickmain -->
  <testcase name="parameter" time="0.003" classname="ToolsQA.Homepage"/>
  <testcase name="parameter" time="0.006" classname="ToolsQA.Homepage"/>
</testsuite> <!-- Test -->
